<?xml version="1.0" encoding="UTF-8"?>
<testng-results skipped="0" failed="0" ignored="0" total="1" passed="1">
  <reporter-output>
  </reporter-output>
  <suite name="Command line suite" duration-ms="4899" started-at="2018-06-28T19:34:43Z" finished-at="2018-06-28T19:34:48Z">
    <groups>
    </groups>
    <test name="Command line test" duration-ms="4899" started-at="2018-06-28T19:34:43Z" finished-at="2018-06-28T19:34:48Z">
      <class name="com.pnc.pncdemo.TestBase">
        <test-method status="PASS" signature="beforeMethod()[pri:0, instance:com.pnc.pncdemo.TestBase@4c70fda8]" name="beforeMethod" is-config="true" duration-ms="3830" started-at="2018-06-28T19:34:43Z" finished-at="2018-06-28T19:34:47Z">
          <reporter-output>
          </reporter-output>
        </test-method> <!-- beforeMethod -->
        <test-method status="PASS" signature="testBase()[pri:0, instance:com.pnc.pncdemo.TestBase@4c70fda8]" name="testBase" duration-ms="1" started-at="2018-06-28T19:34:47Z" finished-at="2018-06-28T19:34:47Z">
          <reporter-output>
          </reporter-output>
        </test-method> <!-- testBase -->
        <test-method status="PASS" signature="afterMethod()[pri:0, instance:com.pnc.pncdemo.TestBase@4c70fda8]" name="afterMethod" is-config="true" duration-ms="1048" started-at="2018-06-28T19:34:47Z" finished-at="2018-06-28T19:34:48Z">
          <reporter-output>
          </reporter-output>
        </test-method> <!-- afterMethod -->
      </class> <!-- com.pnc.pncdemo.TestBase -->
    </test> <!-- Command line test -->
  </suite> <!-- Command line suite -->
</testng-results>
