<?xml version="1.0" encoding="UTF-8"?>
<testng-results skipped="0" failed="0" ignored="0" total="1" passed="1">
  <reporter-output>
  </reporter-output>
  <suite name="Command line suite" duration-ms="8840" started-at="2018-07-02T20:51:51Z" finished-at="2018-07-02T20:52:00Z">
    <groups>
    </groups>
    <test name="Command line test" duration-ms="8840" started-at="2018-07-02T20:51:51Z" finished-at="2018-07-02T20:52:00Z">
      <class name="com.pnc.pncdemo.TestBase">
        <test-method status="PASS" signature="beforeMethod()[pri:0, instance:com.pnc.pncdemo.TestBase@26be92ad]" name="beforeMethod" is-config="true" duration-ms="8102" started-at="2018-07-02T20:51:51Z" finished-at="2018-07-02T20:51:59Z">
          <reporter-output>
          </reporter-output>
        </test-method> <!-- beforeMethod -->
        <test-method status="PASS" signature="testBase()[pri:0, instance:com.pnc.pncdemo.TestBase@26be92ad]" name="testBase" duration-ms="1" started-at="2018-07-02T20:51:59Z" finished-at="2018-07-02T20:51:59Z">
          <reporter-output>
          </reporter-output>
        </test-method> <!-- testBase -->
        <test-method status="PASS" signature="afterMethod()[pri:0, instance:com.pnc.pncdemo.TestBase@26be92ad]" name="afterMethod" is-config="true" duration-ms="713" started-at="2018-07-02T20:51:59Z" finished-at="2018-07-02T20:52:00Z">
          <reporter-output>
          </reporter-output>
        </test-method> <!-- afterMethod -->
      </class> <!-- com.pnc.pncdemo.TestBase -->
    </test> <!-- Command line test -->
  </suite> <!-- Command line suite -->
</testng-results>
